[load] 20:29:38
[load] timeseries rows=35040  dt_minutes=15
[load] params: pv_kwp=15000.0  bess_kw=15000.0  bess_kwh=60000.0  grid_unlimited=False  p_export_internal=15000.0

[solve] run 1 ... 20:29:39
  wallclock = 50.0 s
  invariants: {'invariant_1_pv_balance_kwh': 0.00010000000020227162, 'invariant_2_load_balance_kwh': 0.00010000000003174137, 'invariant_3_soc_dynamics_kwh': 0.00014400000020486914, 'invariant_4_rte_bound_excess_kwh': 0.0, 'invariant_5_no_sim_grid_io_max_product_kwh2': 0.0, 'invariant_6_load_priority_violations': 0.0, 'invariant_7_curtail_behavior_kwh': 0.0, 'invariant_8_soc_closed_cycle_kwh': 0.0, 'invariant_9_pv_load_priority_kwh': 0.0}
  energy_balance: {'max_pv_split_residual_kwh': 0.00010000000020227162, 'max_load_balance_residual_kwh': 9.999999997489795e-05, 'max_export_definition_residual_kwh': 0.0, 'max_soc_dynamics_residual_kwh': 0.00014400000020486914}

[solve] run 2 ... 20:30:29
  wallclock = 52.4 s

[B.6.a — reproducibility]
  profit_total_eur                         r1=      2868833.6100  r2=      2868833.6100  abs_diff=0
  pv_generation_mwh                        r1=        22500.0000  r2=        22500.0000  abs_diff=0
  bess_total_charge_mwh                    r1=        10206.9896  r2=        10206.9896  abs_diff=0
  bess_total_discharge_mwh                 r1=         9603.7565  r2=         9603.7565  abs_diff=0
  system_total_export_mwh                  r1=         7887.8740  r2=         7887.8740  abs_diff=0
  system_total_import_mwh                  r1=        18182.7940  r2=        18182.7940  abs_diff=0
  pv_energy_curtailed_mwh                  r1=            0.0000  r2=            0.0000  abs_diff=0
  bess_equivalent_cycles_total             r1=          160.0626  r2=          160.0626  abs_diff=0
  soc_initial_pct                          r1=           50.0000  r2=           50.0000  abs_diff=0
  soc_min_pct                              r1=           20.0000  r2=           20.0000  abs_diff=0
  soc_max_pct                              r1=           95.0000  r2=           95.0000  abs_diff=0
  soc_avg_pct                              r1=           57.2900  r2=           57.2900  abs_diff=0

  top-5 per-step dispatch column diffs (max abs):
    load_kwh                       max_abs_diff=0
    pv_kwh                         max_abs_diff=0
    pv_to_load_kwh                 max_abs_diff=0
    pv_to_bess_kwh                 max_abs_diff=0
    bess_charge_grid_kwh           max_abs_diff=0

[done] wrote audit_artifacts/B5a_B6a_solve.json
