[boot] cwd=/home/user/pv-bess-optimizer  py=(3, 11, 15)
[load] rows=35040  dt_min=15

=== D.2 — single window MILP timing (window=48h, commit=24h, dt=15min) ===
  steps_in_window=192  vars=2496  binaries=576  constraints=2884
  build=0.030s  solve=0.179s  window_total=0.209s
  windows/year @ commit=24h: 365
  windows/year @ commit=168h: 53
  projected 1-seed full-year wall (commit=24h): 1.3 min
  projected 30-seed full-year wall (commit=24h): 0.64 h
  projected 1-seed full-year wall (commit=168h): 0.2 min

=== D.3.1 — 1 seed full year (window=48h, commit=24h) ===
[rh_w48_c24_s1] wall=88.5s  profit_eur=2857529.92  peak_rss_kb=143

=== D.3.2 — 1 seed full year repeat (variance check) ===
[rh_w48_c24_s1_repeat] wall=89.3s  profit_eur=2856689.86  peak_rss_kb=144

=== D.3.3 — 3 seeds via monte_carlo_rolling (linearity check) ===
[mc_w48_c24_s3] wall=265.2s  n_seeds=3  peak_rss_kb=151

=== B.6.b — Monte Carlo seed reproducibility (1 seed) ===
  run_a profit=2857529.9200
  run_b profit=2857529.9200
  abs_diff=0
  pd.testing.assert_frame_equal: PASS

[done]
